[    0.000000] Linux version 4.15.0-135-generic (buildd@lgw01-amd64-005) (gcc version 7.5.0 (Ubuntu 7.5.0-3ubuntu1~18.04)) #139-Ubuntu SMP Mon Jan 18 17:38:24 UTC 2021 (Ubuntu 4.15.0-135.139-generic 4.15.18)
[    0.000000] Command line: BOOT_IMAGE=/boot/vmlinuz-4.15.0-135-generic root=UUID=a582e8d1-b7a9-43c9-bc43-fd80e8102b06 ro console=tty1 console=ttyS0
[    0.000000] KERNEL supported cpus:
[    0.000000]   Intel GenuineIntel
[    0.000000]   AMD AuthenticAMD
[    0.000000]   Centaur CentaurHauls
[    0.000000] x86/fpu: Supporting XSAVE feature 0x001: 'x87 floating point registers'
[    0.000000] x86/fpu: Supporting XSAVE feature 0x002: 'SSE registers'
[    0.000000] x86/fpu: Supporting XSAVE feature 0x004: 'AVX registers'
[    0.000000] x86/fp::xxttat__offset22::  576, xstate_sizes[2]:  256
[    0.000000] x86/fpu: Enabled xstate features 0x7, context size is 832 bytes, using 'standard' format.
[    0.000000] e820: BIOS-provided physical RAM map:
[    0.000000] BIOS-e820: [mem 0x0000000000000000-0x000000000009fbff] usable
[    0.000000] BIOS-e820: [mem 0x000000000009fc00-0x000000000009ffff] reserved
[    0.000000] BIOS-e820: [mem 0x00000000000f0000-0x00000000000fffff] reserved
[    0.000000] BIOS-e820: [mem 0x0000000000100000-0x000000001ffeffff] usable
[    0.000000] BIOS-e820: [mem 0x000000001fff0000-0x000000001fffffff] ACPI data
[    0.000000] BIOS-e820: [mem 0x00000000fec00000-0x00000000fec00fff] reserved
[    0.000000] BIOS-e820: [mem 0x00000000fee00000-0x00000000fee00fff] reseree
[    ..000000  BISSee22:: [mem 0x00000000fffc0000-0x00000000ffffffff] reserved
[    0.000000] NX (Execute Disable) protection: active
[    0.000000] SMBIOS 2.5 present.
[    0.000000] DMI: innotek GmbH Viruulloo//VittaaBBox  IISS VrruualBox 12/01/2006
[    0.000000] Hypervisor detected: KVM
[    0.000000] e820: last_pfn = 0x1fff0 max_arch_pfn = 0x400000000
[    0.000000] MTRR: Disabled
[    0.000000] x86/PAT: MTRRs disabled, skipping PAT initialization too.
[    0.000000] CPU MTRRs all blank - virtualized system.
[    0.000000] x86/PAT: Configuration [0-7]: WB  WT  UC- UC  WB  WT  UC- UC  
[    0.000000] found SMP MP-table at [mem 0x0009fff0-0x0009ffff]
[    0.000000] Scanning 1 areas for low memory corruption
[    0.000000] RAMDISK: [mem 0x1da8b000-0x1edd3fff]
[    0.000000] ACPI: Early table checksum verification disabled
[    0.000000] ACPI: RSDP 0x00000000000E0000 000024 (v02 VBOX  )
[    0.000000] ACPI: XSDT 0x000000001FFF0030 00003C (v01 VBOX   VBOXXSDT 00000001 ASL  00000061)
[    0.000000] ACPI: FACP 0x000000001FFF00F0 0000F4 (v04 VBOX   VBOXFACP 00000001 ASL  00000061)
[    0.000000] ACPI: DSDT 0x000000001FFF0470 0021FF (v02 VBOX   VBOXBIOS 00000002 INTL 20180105)
[    0.000000] ACPI: FACS 0x000000001FFF0200 000040
[    0.000000] ACPI: FACS 0x000000001FFF0200 000040
[    0.000000] ACPI: APIC 0x000000001FFF0240 000054 (v02 VBOX   VBOXAPIC 00000001 ASL  00000061)
[    0.000000] ACPI: SSDT 0x000000001FFF02A0 0001CC (v01 VBOX   VBOXCPUT 00000002 INTL 20180105)
[    0.000000] No NUMA configuration found
[    0.000000] Faking a node at [mem 0x0000000000000000-0x000000001ffeffff]
[    0.000000] NODE_DATA(0) allocated [mem 0x1ffc5000-0x1ffeffff]
[    0.000000] kvm-clock: cpu 0, msr 0:1ff44001, primary cpu clock
[    0.000000] kvm-clock: Using msrs 4b564d01 and 4b564d00
[    0.000000] kvm-clock: using sched offset of 3301054385 cycles
[    0.000000] clocksource: kvm-clock: mask: 0xffffffffffffffff max_cycles: 0x1cd42e4dffb, max_idle_ns: 881590591483 ns
[    0.000000] Zone ranges:
[    0.000000]   DMA      [mem 0x0000000000001000-0x0000000000ffffff]
[    0.000000]   DMA32    [mem 0x0000000001000000-0x000000001ffeffff]
[    0.000000]   Normal   empty
[    0.000000]   Device   empty
[    0.000000] Movable zone start for each node
[    0.000000] Early memory node ranges
[    0.000000]   node   0: [mem 0x0000000000001000-0x000000000009efff]
[    0.000000]   node   0: [mem 0x0000000000100000-0x000000001ffeffff]
[    0.000000] Reserved but unavailable: 98 pages
[    0.000000] Initmem setup node 0 [mem 0x0000000000001000-0x000000001ffeffff]
[    0.000000] ACPI: PM-Timer IO Port: 0x4008
[    0.000000] IOAPIC[0]: apic_id 1, version 32, address 0xfec00000, GSI 0-23
[    0.000000] ACPI: INT_SRC_OVR (bus 0 bus_irq 0 global_irq 2 dfl dfl)
[    0.000000] ACPI: INT_SRC_OVR (bus 0 bus_irq 9 global_irq 9 low level)
[    0.000000] Using ACPI (MADT) for SMP configuration information
[    0.000000] smpboot: Allowing 1 CPUs, 0 hotplug CPUs
[    0.000000] PM: Registered nosave memory: [mem 0x00000000-0x00000fff]
[    0.000000] PM: Registered nosave memory: [mem 0x0009f000-0x0009ffff]
[    0.000000] PM: Registered nosave memory: [mem 0x000a0000-0x000effff]
[    0.000000] PM: Registered nosave memory: [mem 0x000f0000-0x000fffff]
[    0.000000] e820: [mem 0x20000000-0xfebfffff] available for PCI devices
[    0.000000] Booting paravirtualized kernel on KVM
[    0.000000] clocksource: refined-jiffies: mask: 0xffffffff max_cycles: 0xffffffff, max_idle_ns: 7645519600211568 ns
[    0.000000] random: get_random_bytes called from start_kernel+0x99/0x500 with crng_init=0
[    0.000000] setup_percpu: NR_CPUS:8192 nr_cpumask_bits:1 nr_cpu_ids:1 nr_node_ids:1
[    0.000000] percpu: Embedded 45 pages/cpu s147456 r8192 d28672 u2097152
[    0.000000] PV qspinlock hash table entries: 256 (order: 0, 4096 bytes)
[    0.000000] Built 1 zonelists, mobility grouping on.  Total pages: 128889
[    0.000000] Policy zone: DMA32
[    0.000000] Kernel command line: BOOT_IMAGE=/boot/vmlinuz-4.15.0-135-generic root=UUID=a582e8d1-b7a9-43c9-bc43-fd80e8102b06 ro console=tty1 console=ttyS0
[    0.000000] Memory: 466580K/523832K available (12300K kernel code, 2482K rwdata, 4276K rodata, 2440K init, 2724K bss, 57252K reserved, 0K cma-reserved)
[    0.000000] SLUB: HWalign=64, Order=0-3, MinObjects=0, CPUs=1, Nodes=1
[    0.000000] Kernel/User page tables isolation: enabled
[    0.000000] ftrace: allocating 39422 entries in 154 pages
[    0.004000] Hierarchical RCU implementation.
[    0.004000] 	RCU restricting CPUs from NR_CPUS=8192 to nr_cpu_ids=1.
[    0.004000] 	Tasks RCU enabled.
[    0.004000] RCU: Adjusting geometry for rcu_fanout_leaf=16, nr_cpu_ids=1
[    0.004000] NR_IRQS: 225544, nr_irqs: 256, preallocated irqs: 16
[    0.004000] Console: colour VGA+ 80x25
[    0.004000] console [tty1] enabled
[    0.004000] console [ttyS0] enabled
[    0.004000] ACPI: Core revision 20170831
[    0.004000] ACPI: 2 ACPI AML tables successfully acquired and loaded
[    0.004000] APIC: Switch to symmetric I/O mode setup
[    0.004000] x2apic enabled
[    0.004000] Switched APIC routing to physical x2apic.
[    0.004000] ..TIMER: vector=0x30 apic1=0 pin1=2 apic2=-1 pin2=-1
[    0.004000] tsc: Detected 3599.998 MHz processor
[    0.004011] Calibrating delay loop (skipped) preset value.. 7199.99 BogoMIPS (lpj=14399992)
[    0.004945] pid_max: default: 32768 minimum: 301
[    0.008029] Security Framework initialized
[    0.008496] Yama: becoming mindful.
[    0.008914] AppArmor: AppArmor initialized
[    0.009439] Dentry cache hash table entries: 65536 (order: 7, 524288 bytes)
[    0.010201] Inode-cache hash table entries: 32768 (order: 6, 262144 bytes)
[    0.010963] Mount-cache hash table entries: 1024 (order: 1, 8192 bytes)
[    0.012011] Mountpoint-cache hash table entries: 1024 (order: 1, 8192 bytes)
[    0.012990] process: using mwait in idle threads
[    0.016009] Last level iTLB entries: 4KB 64, 2MB 8, 4MB 8
[    0.020002] Last level dTLB entries: 4KB 64, 2MB 0, 4MB 0, 1GB 4
[    0.024006] Spectre V1 : Mitigation: usercopy/swapgs barriers and __user pointer sanitization
[    0.028006] Spectre V2 : Mitigation: Full generic retpoline
[    0.032006] Spectre V2 : Spectre v2 / SpectreRSB mitigation: Filling RSB on context switch
[    0.036005] Speculative Store Bypass: Vulnerable
[    0.036599] SRBDS: Unknown: Dependent on hypervisor status
[    0.040005] MDS: Mitigation: Clear CPU buffers
[    0.054041] Freeing SMP alternatives memory: 36K
[    0.168189] smpboot: CPU0: Intel(R) Core(TM) i7-7700 CPU @ 3.60GHz (family: 0x6, model: 0x9e, stepping: 0x9)
[    0.172067] Performance Events: unsupported p6 CPU model 158 no PMU driver, software events only.
[    0.176027] Hierarchical SRCU implementation.
[    0.177113] NMI watchdog: Perf event create on CPU 0 failed with -2
[    0.180011] NMI watchdog: Perf NMI watchdog permanently disabled
[    0.184071] smp: Bringing up secondary CPUs ...
[    0.184860] smp: Brought up 1 node, 1 CPU
[    0.185568] smpboot: Max logical packages: 1
[    0.186239] smpboot: Total of 1 processors activated (7199.99 BogoMIPS)
[    0.187335] devtmpfs: initialized
[    0.188057] x86/mm: Memory block size: 128MB
[    0.192104] evm: security.selinux
[    0.196011] evm: security.SMACK64
[    0.200013] evm: security.SMACK64EXEC
[    0.200540] evm: security.SMACK64TRANSMUTE
[    0.201103] evm: security.SMACK64MMAP
[    0.201646] evm: security.apparmor
[    0.202135] evm: security.ima
[    0.202581] evm: security.capability
[    0.203238] clocksource: jiffies: mask: 0xffffffff max_cycles: 0xffffffff, max_idle_ns: 7645041785100000 ns
[    0.204007] futex hash table entries: 256 (order: 2, 16384 bytes)
[    0.204885] pinctrl core: initialized pinctrl subsystem
[    0.205702] RTC time: 12:45:36, date: 02/23/21
[    0.208107] NET: Registered protocol family 16
[    0.212067] audit: initializing netlink subsys (disabled)
[    0.212801] cpuidle: using governor ladder
[    0.213294] cpuidle: using governor menu
[    0.216014] audit: type=2000 audit(1614084339.789:1): state=initialized audit_enabled=0 res=1
[    0.217016] ACPI: bus type PCI registered
[    0.220022] acpiphp: ACPI Hot Plug PCI Controller Driver version: 0.5
[    0.228017] PCI: Using configuration type 1 for base access
[    0.232818] HugeTLB registered 2.00 MiB page size, pre-allocated 0 pages
[    0.236162] ACPI: Added _OSI(Module Device)
[    0.236633] ACPI: Added _OSI(Processor Device)
[    0.240011] ACPI: Added _OSI(3.0 _SCP Extensions)
[    0.244006] ACPI: Added _OSI(Processor Aggregator Device)
[    0.248018] ACPI: Added _OSI(Linux-Dell-Video)
[    0.248658] ACPI: Added _OSI(Linux-Lenovo-NV-HDMI-Audio)
[    0.249381] ACPI: Added _OSI(Linux-HPI-Hybrid-Graphics)
[    0.252241] ACPI: Executed 1 blocks of module-level executable AML code
[    0.255479] ACPI: Interpreter enabled
[    0.256000] ACPI: (supports S0 S5)
[    0.256022] ACPI: Using IOAPIC for interrupt routing
[    0.259746] PCI: Using host bridge windows from ACPI; if necessary, use "pci=nocrs" and report a bug
[    0.260123] ACPI: Enabled 2 GPEs in block 00 to 07
[    0.270307] ACPI: PCI Root Bridge [PCI0] (domain 0000 [bus 00-ff])
[    0.272014] acpi PNP0A03:00: _OSC: OS supports [ASPM ClockPM Segments MSI]
[    0.276028] acpi PNP0A03:00: _OSC: not requesting OS control; OS requires [ExtendedConfig ASPM ClockPM MSI]
[    0.280019] acpi PNP0A03:00: fail to add MMCONFIG information, can't access extended PCI configuration space under this bridge.
[    0.288220] PCI host bridge to bus 0000:00
[    0.288774] pci_bus 0000:00: root bus resource [io  0x0000-0x0cf7 window]
[    0.292008] pci_bus 0000:00: root bus resource [io  0x0d00-0xffff window]
[    0.296001] pci_bus 0000:00: root bus resource [mem 0x000a0000-0x000bffff window]
[    0.296804] pci_bus 0000:00: root bus resource [mem 0x20000000-0xfdffffff window]
[    0.297652] pci_bus 0000:00: root bus resource [bus 00-ff]
[    0.304127] pci 0000:00:01.1: legacy IDE quirk: reg 0x10: [io  0x01f0-0x01f7]
[    0.304897] pci 0000:00:01.1: legacy IDE quirk: reg 0x14: [io  0x03f6]
[    0.305580] pci 0000:00:01.1: legacy IDE quirk: reg 0x18: [io  0x0170-0x0177]
[    0.308006] pci 0000:00:01.1: legacy IDE quirk: reg 0x1c: [io  0x0376]
[    0.321367] pci 0000:00:07.0: quirk: [io  0x4000-0x403f] claimed by PIIX4 ACPI
[    0.324031] pci 0000:00:07.0: quirk: [io  0x4100-0x410f] claimed by PIIX4 SMB
[    0.338106] ACPI: PCI Interrupt Link [LNKA] (IRQs 5 9 10 *11)
[    0.344095] ACPI: PCI Interrupt Link [LNKB] (IRQs 5 9 *10 11)
[    0.344881] ACPI: PCI Interrupt Link [LNKC] (IRQs 5 *9 10 11)
[    0.345667] ACPI: PCI Interrupt Link [LNKD] (IRQs 5 9 10 *11)
[    0.346649] SCSI subsystem initialized
[    0.348083] pci 0000:00:02.0: vgaarb: setting as boot VGA device
[    0.348764] pci 0000:00:02.0: vgaarb: VGA device added: decodes=io+mem,owns=io+mem,locks=none
[    0.352009] pci 0000:00:02.0: vgaarb: bridge control possible
[    0.356006] vgaarb: loaded
[    0.356378] ACPI: bus type USB registered
[    0.360076] usbcore: registered new interface driver usbfs
[    0.360810] usbcore: registered new interface driver hub
[    0.364053] usbcore: registered new device driver usb
[    0.364980] EDAC MC: Ver: 3.0.0
[    0.365590] PCI: Using ACPI for IRQ routing
[    0.367223] NetLabel: Initializing
[    0.368000] NetLabel:  domain hash size = 128
[    0.368004] NetLabel:  protocols = UNLABELED CIPSOv4 CALIPSO
[    0.368679] NetLabel:  unlabeled traffic allowed by default
[    0.372196] clocksource: Switched to clocksource kvm-clock
[   00.31199]]VVSS: Dss  uuttasdduutt6666.0
[    07744554] VFS: Dquot-cache hash table entries: 512 (order 0, 4096 bytes)
[    0.835239] AppArmor: AppArmor Filesystem Enabled
[    ..337700] pnp: PnP ACPI init
[    0.956073] pnp: PnP ACPI: found 3 devices
[    0.962340] clocksource: acpi_pm: mask: 0xffffff max_cycles: 0xffffff, max_idle_ns: 2085701024 ns
[    0.995641] NET: Registered protocol family 2
[    0.996277] TCP established hash table entries: 4096 (order: 3, 32768 bytes)
[    10022219] TCP bind hash table entries: 4096 (order: 4, 65536 bytes)
[    1.065303] TCP: Hash tables configured (established 4096 bind 4096)
[    1.066164] UDP hash table entries: 256 (order: 1, 8192 bytes)
[    1.066976] UDP-Lite hash table entries: 256 (order: 1, 8192 bytes)
[    1.067865] NET: Registered protocol family 1
[    1.068484] pci 0000:00:00.0: Limiting direct PCI/PCI transfers
[    1.069360] pci 0000:00:01.0: Activating ISA DMA hang workarounds
[    1.070342] pci 0000:00:02.0: Video device with shadowed ROM at [mem 0x000c0000-0x000dffff]
[    1.071824] Unpacking initramfs...
[    1.297191] Freeing initrd memory: 19748K
[    1.298698] clocksource: tsc: mask: 0xffffffffffffffff max_cycles: 0x33e451ab1a6, max_idle_ns: 440795278720 ns
[    1.30515]] paaffrr  rtc_cmos: registered platform RTC device (no PNP device found)
[    1.475290] Scanning for low memory corruption every 60 seconds
[    1.476313] Initialise system trusted keyrings
[   114466854] Key type blacklist registered
[    1.564912  ookknnsstt  iimesaappbbtt==66mmxxooddrr=17 bucket_order=0
[    2.075711] zbud: loaded
[    2.076545] squashfs: version 4.0 (2009/01/31) Phillip Lougher
[    2.077480] fuse init (API version 7.26)
[    2.095446] Key type asymmetric registered
[    2.096727] Asymmetric key parser 'x509' registered
[    2.098149] Block layer SCSI generic (bsg) driver version 0.4 loaded (major 246)
[    2.099306] io scheduler noop registered
[    2.104796] io scheduler deadline registered
[    2.105510] io scheduler cfq registered (default)
[    2.106295] ACPI: AC Aaattrr [AC] (on-line)
[    2.115501] input: Power Button as /devices/LNXSYSTM:00/LNXPWRBN:00/input/input0
[    2.275409] ACPI: Power Button [PWRF]
[    2.275881] input: Sleep Button as /devices/LNXSYSTM:00/LNXSLPBN:00/input/input1
[    2.294798] ACPI: Sleep Button [SLPF]
[    2.375341] Serial: 8250/16550 driver, 32 ports, IRQ sharing enabled
[    2.397585] 00:02: ttyS0 at I/O 0x3f8 (irq = 4, base_baud = 115200) is a 16550A
[    2.426508] Linux agpgart interface v0.103
[    2.445678] loop: module loaded
[    2.446435] scsi host0: ata_piix
[    2.446887] scsi host1: ata_piix
[    2.447324] ata1: PATA max UDMA/33 cmd 0x1f0 ctl 0x3f6 bmdma 0xd000 irq 14
[    2.455414] ata2: PATA max UDMA/33 cmd 0x170 ctl xx376 bmdma 0xd008 irq 15
[   22.555619] libphy: Fixed MDIO Bus: probed
[   226655664] tun: Universal TUN/TAP device driver, 1.6
[    2.815091] PPP generic driver version 2.4.2
[    2.855195] ehci_hcd: USB 2.0 'Enhanced' Host Controller (EHCI) Driver
[    2.856031] ehci-pci: EHCI PCI platform diieer
[    2.964770] ehci-platform: EHCI generic platform driver
[    3.022222] ohci_hcd: USB 1.1 'Open' Host Controller (OHCI) Driver
[    3.022949] ohcippii  HHCI PCI platform driver
[    3.134864] ohci-platform: OHCI generic platform driver
[    3.150083] uhci_hcd: USB UnivessllHHos  oottooller Ittrraaeeddiiee
[   33665533]]ii0022  NNP: PS/2 Cottroller[[NN00003:SSKK,PNP0f03PPS2M] at 0x60,0x64 irq 1,12
[    4.135412] serio: i8042 KBD port at 0x60,0x64 irq 1
[    4.17563]] serio: i8042 AUX port at 0x60,0x64 irq 12
[    4.215094] mousedev: PS/2 mouse device common for all mice
[    4.215865] input: AT TranslatedSStt22kkeyboar  ss//deiiees/platform/i8042/serio0/input/input2
[    4.45544]]rrccccoo  ttc_cmos: rtc core: eeiistered rtc_cmos as rtc0
[    4.780044  tt__mmssrrccccoo::aaaamm  pp t  nn  aay, 114 bytes nvram
[    5.255380] i2c /dev entries driver
[    5.255944] device-mapper: uevent: version 1.0.3
[    5.265006] device-mapper: ioctl: 4.37.0-ioctl (2017-09-20) initialised: dm-devel@redhat.com
[    5.265991] eedtii--pp::rrggsseeee  ooiindicate activity on CPUs
[    5.555003] intel_pmc_core:  initialized
[    5.555605] NET: Registered protocol family 10
[    5.554480] eegment Routing with IPv6
[   55665544]]NNTT  eeiistrrddpprooooo  aamiyy 1
[    6.124426] Key type dns_resolver registered
[    6.125027] mce: Using 0 MCE banks
[    6.125451] RAS: Correctable Errors collector initialized.
[    6.126063] sched_clock: Marking stable (6124327045, 0)->(9390554312, -3266227267)
[    6.127134] registered taskstats version 1
[    6.128386] Loading compiled-in X.509 certificates
[    6.131433] Loaded X.509 cert 'Build time autogenerated kernel key: 399a566a2ea98257ce6f7132c633527e9761cd56'
[    ..332511  ssaa::llaaded ssnn  pool lzo/zbud
[    6.426938] Key type big_key registered
[    6.427452] Key type trusted registered
[    6.428797] Key type encrypted registered
[    6.429301] AppArmor: AppArmor sha1 policy hashing enabled
[    6.429912] ima: No TPM chip found, activating TPM-bypass! (rc=-19)
[    6.430582] ima: Allocated hash algorithm: sha1
[    6.431143] evm: HMAC attrs: 0x1
[    6.431736]   Magic number: 9:212:785
[    6.432236] rtc_cmos rtc_cmos: setting system clock to 2021-02-23 12:45:44 UTC (1614084344)
[    6.433186] BIOS EDD facility v0.16 2004-Jun-25, 0 devices found
[    6.433857] EDD information not available.
[    6.436087] Freeing unused kernel image memory: 2440K
[    6.920028] Write protecting the kernel read-only data: 20480k
[    7.125338] Freeing unused kernel image memory: 2008K
[    7.175637] Freeing unused kernel image memory: 1868K
[    7.200145] x86/mm: Checked W+X mappings: passed, no W+X pages found.
[    7.201092] x86/mm: Checking user space page tables
[    7.207254] x86/mm: Checked W+X mappings: passed, no W+X pages found.
Loading, please wait...
starting version 237
[    7.278079] e1000: Intel(R) PRO/1000 Network Driver - version 7.3.21-k8-NAPI
[    7.279110] e1000: Copyright (c) 1999-2006 Intel Corporation.
[    7.283010] Fusion MPT base driver 3.04.20
[    7.283634] Copyright (c) 1999-2008 LSI Corporation
[    7.286394] Fusion MPT SPI Host driver 3.04.20
[    7.309312] mptbase: ioc0: Initiating bringup
[    7.311440] AVX2 version of gcm_enc/dec engaged.
[    7.312107] AES CTR mode by8 optimization enabled
[    7.415336] ioc0: LSI53C1030 A0: Capabilities={Initiator}
[    7.497881] input: ImExPS/2 Generic Explorer Mouse as /devices/platform/i8042/serio1/input/input4
[    7.662962] scsi host2: ioc0: LSI53C1030 A0, FwRev=00000000h, Ports=1, MaxQ=256, IRQ=20
[    7.832971] scsi 2:0:0:0: Direct-Access     VBOX     HARDDISK         1.0  PQ: 0 ANSI: 5
[    7.955967] scsi target2:0:0: Beginning Domain Validation
[    7.965749] random: fast init done
[    8.274439] scsi target2:0:0: Domain Validation skipping write tests
[    8.275210] scsi target2:0:0: Ending Domain Validation
[    8.275784] scsi target2:0:0: asynchronous
[    8.276641] scsi 2:0:1:0: Direct-Access     VBOX     HARDDISK         1.0  PQ: 0 ANSI: 5
[    8.277631] scsi target2:0:1: Beginning Domain Validation
[    8.279115] scsi target2:0:1: Domain Validation skipping write tests
[    8.279924] scsi target2:0:1: Ending Domain Validation
[    8.280680] scsi target2:0:1: asynchronous
[    8.535773] sd 2:0:0:0: Attached scsi generic sg0 type 0
[    8.765191] sd 2:0:0:0: [sda] 20971520 512-byte logical blocks: (10.7 GB/10.0 GiB)
[    8.766476] sd 2:0:0:0: [sda] Write Protect is off
[    8.767221] random: systemd-udevd: uninitialized urandom read (16 bytes read)
[    8.768400] random: systemd-udevd: uninitialized urandom read (16 bytes read)
[    8.769507] sd 2:0:0:0: [sda] Incomplete mode parameter data
[    8.770377] sd 2:0:0:0: [sda] Assuming drive cache: write through
[    8.771347] random: systemd-udevd: uninitialized urandom read (16 bytes read)
[    8.781459]  sda: sda1
[    8.793171] sd 2:0:0:0: [sda] Attached SCSI disk
[    8.957354] sd 2:0:1:0: Attached scsi generic sg1 type 0
[    9.444853] sd 2:0:1:0: [sdb] 20480 512-byte logical blocks: (10.5 MB/10.0 MiB)
[    9.445721] sd 2:0:1:0: [sdb] Write Protect is off
[    9.446436] sd 2:0:1:0: [sdb] Incomplete mode parameter data
[    9.447094] sd 2:0:1:0: [sdb] Assuming drive cache: write through
[    9.486692] e1000 0000:00:03.0 eth0: (PCI:33MHz:32-bit) 02:60:71:1d:34:36
[    9.488351] e1000 0000:00:03.0 eth0: Intel(R) PRO/1000 Network Connection
[    9.491962] sd 2:0:1:0: [sdb] Attached SCSI disk
[    9.832663] e1000 0000:00:08.0 eth1: (PCI:33MHz:32-bit) 08:00:27:92:ed:09
[    9.833583] e1000 0000:00:08.0 eth1: Intel(R) PRO/1000 Network Connection
[    9.835271] e1000 0000:00:08.0 enp0s8: renamed from eth1
[    9.837249] e1000 0000:00:03.0 enp0s3: renamed from eth0
Begin: Loading e[   11.204544] raid6: sse2x1   gen() 15783 MB/s
ssential drivers ... [   11.584517] raid6: sse2x1   xor() 11106 MB/s
[   11.664525] raid6: sse2x2   gen() 18791 MB/s
[   12.134513] raid6: sse2x2   xor() 12851 MB/s
[   12.614524] raid6: sse2x4   gen() 22367 MB/s
[   12.754537] raid6: sse2x4   xor() 14130 MB/s
[   13.274513] raid6: avx2x1   gen() 31478 MB/s
[   13.674511] raid6: avx2x1   xor() 22378 MB/s
[   13.804557] raid6: avx2x2   gen() 36895 MB/s
[   14.304524] raid6: avx2x2   xor() 24173 MB/s
[   14.554511] raid6: avx2x4   gen() 44434 MB/s
[   14.854551] raid6: avx2x4   xor() 25899 MB/s
[   15.254683] raid6: using algorithm avx2x4 gen() 44434 MB/s
[   15.554902] raid6: .... xor() 25899 MB/s, rmw enabled
[   15.864754] raid6: using avx2x2 recovery algorithm
[   15.872152] xor: automatically using best checksumming function   avx       
[   16.188737] async_tx: api initialized (async)
done.[   16.226904] Btrfs loaded, crc32c=crc32c-intel

Begin: Running /scripts/init-premount ... done.
Begin: Mounting root file system ... Begin: Running /scripts/local-top ... done.
Begin: Running /scripts/local-premount ... Scanning for Btrfs filesystems
done.
Warning: fsck no[   16.739892] EXT4-fs (sda1): INFO: recovery required on readonly filesystem
t present, so skipping root file system
[   16.925495] EXT4-fs (sda1): write access will be enabled during recovery
[   17.107660] EXT4-fs (sda1): recovery complete
[   17.405717] EXT4-fs (sda1): mounted filesystem with ordered data mode. Opts: (null)
done.
Begin: Running /scripts/local-bottom ... done.
Begin: Running /scripts/init-bottom ... done.
[   17.863837] ip_tables: (C) 2000-2006 Netfilter Core Team
[   17.971370] systemd[1]: systemd 237 running in system mode. (+PAM +AUDIT +SELINUX +IMA +APPARMOR +SMACK +SYSVINIT +UTMP +LIBCRYPTSETUP +GCRYPT +GNUTLS +ACL +XZ +LZ4 +SECCOMP +BLKID +ELFUTILS +KMOD -IDN2 +IDN -PCRE2 default-hierarchy=hybrid)
[   17.973914] systemd[1]: Detected virtualization oracle.
[   17.974606] systemd[1]: Detected architecture x86-64.

Welcome to [1mUbuntu 18.04.5 LTS[0m!

[   17.980245] systemd[1]: Set hostname to <c3po>.
[   18.338125] systemd[1]: Reached target Swap.
[[0;32m  OK  [0m] Reached target Swap.
[   18.649033] systemd[1]: Created slice User and Session Slice.
[[0;32m  OK  [0m] Created slice User and Session Slice.
[   18.808099] systemd[1]: Reached target System Time Synchronized.
[[0;32m  OK  [0m] Reached target System Time Synchronized.
[   19.026410] systemd[1]: Set up automount Arbitrary Executable File Formats File System Automount Point.
[[0;32m  OK  [0m] Set up automount Arbitrary Executab…rmats File System Automount Point.
[   19.029110] systemd[1]: Created slice System Slice.
[[0;32m  OK  [0m] Created slice System Slice.
[   19.030673] systemd[1]: Listening on Journal Socket.
[[0;32m  OK  [0m] Listening on Journal Socket.
         Starting Set the console keyboard layout...
[[0;32m  OK  [0m] Listening on Journal Audit Socket.
         Mounting POSIX Message Queue File System...
         Mounting Huge Pages File System...
         Starting Uncomplicated firewall...
[[0;32m  OK  [0m] Listening on udev Control Socket.
         Starting Load Ke[   19.215096] random: crng init done
rnel Modules...
[   19.494866] random: 7 urandom warning(s) missed due to ratelimiting
[[0;32m  OK  [0m] Listening on LVM2 metadata daemon socket.[   19.498226] Loading iSCSI transport class v2.0-870.

[[0;32m  OK  [0m] Listening on Network Service Netlink Socket.
         [   19.709456] iscsi: registered transport (tcp)
Starting Remount Root and Kernel File Systems...
         [   19.797771] EXT4-fs (sda1): re-mounted. Opts: (null)
Mounting Kernel Debug File System...
[   19.906734] iscsi: registered transport (iser)
[[0;32m  OK  [0m] Started Forward Password Requests to Wall Directory Watch.
[[0;32m  OK  [0m] Listening on Device-mapper event daemon FIFOs.
         Starting Monitoring of LVM2 mirrors…ng dmeventd or progress polling...
[[0;32m  OK  [0m] Listening on /dev/initctl Compatibility Named Pipe.
[[0;32m  OK  [0m] Listening on Syslog Socket.
[[0;32m  OK  [0m] Reached target Slices.
[[0;32m  OK  [0m] Listening on Journal Socket (/dev/log).
         Starting Journal Service...
[[0;32m  OK  [0m] Reached target User and Group Name Lookups.
[[0;32m  OK  [0m] Listening on udev Kernel Socket.
         Starting udev Coldplug all Devices...
[[0;32m  OK  [0m] Created slice system-serial\x2dgetty.slice.
[[0;32m  OK  [0m] Listening on LVM2 poll daemon socket.
         Starting Create list of required st…ce nodes for the current kernel...
[[0;32m  OK  [0m] Started Journal Service.
[[0;32m  OK  [0m] Started Set the console keyboard layout.
[[0;32m  OK  [0m] Mounted POSIX Message Queue File System.
[[0;32m  OK  [0m] Mounted Huge Pages File System.
[[0;32m  OK  [0m] Started Uncomplicated firewall.
[[0;32m  OK  [0m] Started Load Kernel Modules.
[[0;32m  OK  [0m] Started Remount Root and Kernel File Systems.
[[0;32m  OK  [0m] Mounted Kernel Debug File System.
[[0;32m  OK  [0m] Started Create list of required sta…vice nodes for the current kernel.
[[0;32m  OK  [0m] Started udev Coldplug all Devices.
[[0;32m  OK  [0m] Started LVM2 metadata daemon.
         Starting Create Static Device Nodes in /dev...
         Starting Load/Save Random Seed...
         Starting Apply Kernel Variables...
         Mounting FUSE Control File System...
         Mounting Kernel Configuration File System...
         Starting Flush Journal to Persistent Storage...
[[0;32m  OK  [0m] Started Monitoring of LVM2 mirrors,…sing dmeventd or progress polling.
[[0;32m  OK  [0m] Started Create Static Device Nodes in /dev.
[[0;32m  OK  [0m] Started Load/Save Random Seed.
[[0;32m  OK  [0m] Started Apply Kernel Variables.
[[0;32m  OK  [0m] Mounted FUSE Control File System.
[[0;32m  OK  [0m] Mounted Kernel Configuration File System.
         Starting udev Kernel Device Manager...
[[0;32m  OK  [0m] Reached target Local File Systems (Pre).
[[0;32m  OK  [0m] Reached target Local File Systems.
         Starting ebtables ruleset management...
         Starting AppArmor initialization...
         Starting Tell Plymouth To Write Out Runtime Data...
         Starting Set console font and keymap...
[[0;32m  OK  [0m] Started udev Kernel Device Manager.
[[0;32m  OK  [0m] Started Flush Journal to Persistent Storage.
[[0;32m  OK  [0m] Started Tell Plymouth To Write Out Runtime Data.
[[0;32m  OK  [0m] Started Set console font and keymap.
[[0;32m  OK  [0m] Found device /dev/ttyS0.
[[0;32m  OK  [0m] Listening on Load/Save RF Kill Switch Status /dev/rfkill Watch.
         Starting Create Volatile Files and Directories...
[[0;32m  OK  [0m] Started Dispatch Password Requests to Console Directory Watch.
[[0;32m  OK  [0m] Reached target Local Encrypted Volumes.
[[0;32m  OK  [0m] Started ebtables ruleset management.
[[0;32m  OK  [0m] Started AppArmor initialization.
[[0;32m  OK  [0m] Started Create Volatile Files and Directories.
         Starting Update UTMP about System Boot/Shutdown...
         Starting Load AppArmor profiles managed internally by snapd...
         Starting Initial cloud-init job (pre-networking)...
[[0;32m  OK  [0m] Started Load AppArmor profiles managed internally by snapd.
[[0;32m  OK  [0m] Started Update UTMP about System Boot/Shutdown.
[   23.156294] cloud-init[647]: Cloud-init v. 20.4.1-0ubuntu1~18.04.1 running 'init-local' at Tue, 23 Feb 2021 12:46:01 +0000. Up 23.02 seconds.
[[0;32m  OK  [0m] Started Initial cloud-init job (pre-networking).
[[0;32m  OK  [0m] Reached target Network (Pre).
         Starting Network Service...
[[0;32m  OK  [0m] Started Network Service.
         Starting Wait for Network to be Configured...
         Starting Network Name Resolution...
[[0;32m  OK  [0m] Started Network Name Resolution.
[[0;32m  OK  [0m] Reached target Network.
[[0;32m  OK  [0m] Reached target Host and Network Name Lookups.
[[0;32m  OK  [0m] Started Wait for Network to be Configured.
         Starting Initial cloud-init job (metadata service crawler)...
[   25.456314] cloud-init[732]: Cloud-init v. 20.4.1-0ubuntu1~18.04.1 running 'init' at Tue, 23 Feb 2021 12:46:03 +0000. Up 25.33 seconds.
[   25.464370] cloud-init[732]: ci-info: ++++++++++++++++++++++++++++++++++++++Net device info+++++++++++++++++++++++++++++++++++++++
[   25.465792] cloud-init[732]: ci-info: +--------+------+-----------------------------+---------------+--------+-------------------+
[   25.467533] cloud-init[732]: ci-info: | Device |  Up  |           Address           |      Mask     | Scope  |     Hw-Address    |
[   25.470914] cloud-init[732]: ci-info: +--------+------+-----------------------------+---------------+--------+-------------------+
[   25.473660] cloud-init[732]: ci-info: | enp0s3 | True |          10.0.2.15          | 255.255.255.0 | global | 02:60:71:1d:34:36 |
[   25.475901] cloud-init[732]: ci-info: | enp0s3 | True |  fe80::60:71ff:fe1d:3436/64 |       .       |  link  | 02:60:71:1d:34:36 |
[   25.478453] cloud-init[732]: ci-info: | enp0s8 | True |        172.17.177.110       | 255.255.255.0 | global | 08:00:27:92:ed:09 |
[   25.500446] cloud-init[732]: ci-info: | enp0s8 | True | fe80::a00:27ff:fe92:ed09/64 |       .       |  link  | 08:00:27:92:ed:09 |
[   25.524984] cloud-init[732]: ci-info: |   lo   | True |          127.0.0.1          |   255.0.0.0   |  host  |         .         |
[   25.526523] cloud-init[732]: ci-info: |   lo   | True |           ::1/128           |       .       |  host  |         .         |
[   25.528969] cloud-init[732]: ci-info: +--------+------+-----------------------------+---------------+--------+-------------------+
[   25.531162] cloud-init[732]: ci-info: +++++++++++++++++++++++++++++Route IPv4 info+++++++++++++++++++++++++++++
[   25.532467] cloud-init[732]: ci-info: +-------+--------------+----------+-----------------+-----------+-------+
[   25.533639] cloud-init[732]: ci-info: | Route | Destination  | Gateway  |     Genmask     | Interface | Flags |
[   25.544634] cloud-init[732]: ci-info: +-------+--------------+----------+-----------------+-----------+-------+
[   25.595276] cloud-init[732]: ci-info: |   0   |   0.0.0.0    | 10.0.2.2 |     0.0.0.0     |   enp0s3  |   UG  |
[   25.596420] cloud-init[732]: ci-info: |   1   |   10.0.2.0   | 0.0.0.0  |  255.255.255.0  |   enp0s3  |   U   |
[   25.614689] cloud-init[732]: ci-info: |   2   |   10.0.2.2   | 0.0.0.0  | 255.255.255.255 |   enp0s3  |   UH  |
[[0;32m  OK  [0m] Started Initial cloud-init job (metadata service crawler).
[[0;32m  OK  [0m] Reached target System Initialization.
[   25.629732] cloud-init[732]: ci-info: |   3   | 172.17.177.0 | 0.0.0.0  |  255.255.255.0  |   enp0s8  |   U   |[[0;32m  OK  [0m] Started ACPI Events Check.
         Starting Docker Socket for the API.
[[0;32m  OK  [0m] Reached target Paths.
         Starting LXD - unix socket.
[[0;32m  OK  [0m] Listening on UUID daemon activation socket.
[[0;32m  OK  [0m] Started Daily Cleanup of Temporary Directories.
[[0;32m  OK  [0m] Listening on ACPID Listen Socket.
[[0;32m  OK  [0m] Started Daily apt download activities.
[[0;32m  OK  [0m] Started Message of the Day.
[[0;32m  OK  [0m] Listening on D-Bus System Message Bus Socket.
[[0;32m  OK  [0m] Started Daily apt upgrade and clean activities.
[[0;32m  OK  [0m] Started Discard unused blocks once a week.
[[0;32m  OK  [0m] Reached target Timers.
[[0;32m  OK  [0m] Listening on Open-iSCSI iscsid Socket.
         Starting Socket activation for snappy daemon.
[[0;32m  OK  [0m] Reached target Cloud-config availability.
[[0;32m  OK  [0m] Reached target Network is Online.
         Starting Availability of block devices...
[[0;32m  OK  [0m] Reached target Remote File Systems (Pre).
[[0;32m  OK  [0m] Reached target Remote File Systems.
[[0;32m  OK  [0m] Listening on Docker Socket for the API.
[[0;32m  OK  [0m] Listening on LXD - unix socket.
[[0;32m  OK  [0m] Listening on Socket activation for snappy daemon.
[[0;32m  OK  [0m] Reached target Sockets.
[[0;32m  OK  [0m] Reached target Basic System.
[[0;32m  OK  [0m] Started Deferred execution scheduler.

[[0;32m  OK  [0m] Started irqbalance daemon.
[   25.705710] cloud-init[732]: ci-info: +-------+--------------+----------+-----------------+-----------+-------+
[   25.707633] cloud-init[732]:          Starting Accounts Service...
ci-info: +++++++++++++++++++Route IPv6 info+++++++++++++++++++
         Starting System Logging Service...
[   25.710932] cloud-init[732]: ci-info: +-------+-------------+---------+-----------+-------+
         Starting Virtualbox guest utils...
[   25.716921] cloud-init[732]: ci-info: | Route | Destination | Gateway | Interface | Flags |
[   25.747161] cloud-init[732]: ci-info: +-------+-------------+---------+-----------+-------+
[   25.753653] cloud-init[732]: ci-info: |   1   |  fe80::/64  |    ::   |   enp0s3  |   U   |
[   25.763315] cloud-init[732]: ci-info: |   2   |  fe80::/64  |    ::   |   enp0s8  |   U   |
[   25.767034]          Starting Dispatcher daemon for systemd-networkd...
         Starting Permit User Sessions...
         Starting containerd container runtime...
         Starting LSB: automatic crash report generation...
cloud-init[732]: ci-info: |   4   |    local    |    ::   |   enp0s3  |   U   |
         Starting OpenBSD Secure Shell server...
         Starting LSB: Record successful boot for GRUB...
[[0;32m  OK  [0m] Started D-Bus System Message Bus.
[   25.789931] cloud-init[732]: ci-info: |   5   |    local    |    ::   |   enp0s8  |   U   |
[   25.834200] cloud-init[732]: ci-info: |   6   |   ff00::/8  |    ::   |   enp0s3  |   U   |
[   25.835798] cloud-init[732]: ci-info: |   7   |   ff00::/8  |    ::   |   enp0s8  |   U   |
[   25.885090] cloud-init[732]: ci-info: +-------+-------------+---------+-----------+-------+
[[0;32m  OK  [0m] Started FUSE filesystem for LXC.
         Starting Login Service...
         Starting LXD - container startup/shutdown...
         Starting Snap Daemon...
[[0;32m  OK  [0m] Started Regular background program processing daemon.
[[0;32m  OK  [0m] Started System Logging Service.
[[0;32m  OK  [0m] Started Dispatcher daemon for systemd-networkd.
[[0;32m  OK  [0m] Started Availability of block devices.
[[0;32m  OK  [0m] Started Permit User Sessions.
[[0;32m  OK  [0m] Started OpenBSD Secure Shell server.
[[0;32m  OK  [0m] Started LXD - container startup/shutdown.
[[0;32m  OK  [0m] Started Login Service.
[[0;32m  OK  [0m] Created slice User Slice of vagrant.
[[0;32m  OK  [0m] Started Unattended Upgrades Shutdown.
         Starting Authorization Manager...
         Starting Terminate Plymouth Boot Screen...
         Starting Hold until boot process finishes up...
[[0;32m  OK  [0m] Started LSB: automatic crash report generation.
[[0;32m  OK  [0m] Started Terminate Plymouth Boot Screen.
[[0;32m  OK  [0m] Started Hold until boot process finishes up.
[[0;32m  OK  [0m] Started Virtualbox guest utils.
[[0;32m  OK  [0m] Started Authorization Manager.
[[0;32m  OK  [0m] Started Accounts Service.
[[0;32m  OK  [0m] Started LSB: Record successful boot for GRUB.
[[0;32m  OK  [0m] Started Session 1 of user vagrant.
         Starting User Manager for UID 1000...
         Starting Set console scheme...
[[0;32m  OK  [0m] Started Serial Getty on ttyS0.
[[0;32m  OK  [0m] Started Set console scheme.
[[0;32m  OK  [0m] Created slice system-getty.slice.
[[0;32m  OK  [0m] Started Getty on tty1.
[[0;32m  OK  [0m] Reached target Login Prompts.
[[0;32m  OK  [0m] Started User Manager for UID 1000.
[[0;32m  OK  [0m] Started containerd container runtime.
[[0;32m  OK  [0m] Started Snap Daemon.
         Starting Wait until snapd is fully seeded...
         Starting Docker Application Container Engine...
[[0;32m  OK  [0m] Started Wait until snapd is fully seeded.
         Starting Apply the settings specified in cloud-config...
[   28.279554] cloud-init[1215]: Cloud-init v. 20.4.1-0ubuntu1~18.04.1 running 'modules:config' at Tue, 23 Feb 2021 12:46:06 +0000. Up 27.97 seconds.
[[0;32m  OK  [0m] Started Apply the settings specified in cloud-config.
[[0;32m  OK  [0m] Started Docker Application Container Engine.
[[0;32m  OK  [0m] Reached target Multi-User System.
[[0;32m  OK  [0m] Reached target Graphical Interface.
         Starting Update UTMP about System Runlevel Changes...
         Starting Execute cloud user/final scripts...
[[0;32m  OK  [0m] Started Update UTMP about System Runlevel Changes.
[   30.899069] cloud-init[1518]: Cloud-init v. 20.4.1-0ubuntu1~18.04.1 running 'modules:final' at Tue, 23 Feb 2021 12:46:08 +0000. Up 30.78 seconds.
[[0;32m  OK  [0m] Started Execute cloud user/final scripts.
[[0;32m  OK  [0m] Reached target Cloud-init target.
[   30.962296] cloud-init[1518]: Cloud-init v. 20.4.1-0ubuntu1~18.04.1 finished at Tue, 23 Feb 2021 12:46:08 +0000. Datasource DataSourceNoCloud [seed=/dev/sdb][dsmode=net].  Up 30.88 seconds

Ubuntu 18.04.5 LTS c3po ttyS0

c3po login: 